<?xml version="1.0" encoding="utf-8"?><testsuites name="pytest tests"><testsuite name="pytest" errors="0" failures="0" skipped="0" tests="33" time="19.138" timestamp="2026-06-24T17:47:58.540974+00:00" hostname="agent-env-a44649c8-ae66-4355-93b3-96a8dcf159fe"><testcase classname="tests.test_dairynest.TestAuth" name="test_send_otp_dev_mode" time="0.255" /><testcase classname="tests.test_dairynest.TestAuth" name="test_verify_demo_customer" time="0.297" /><testcase classname="tests.test_dairynest.TestAuth" name="test_verify_demo_agent" time="0.215" /><testcase classname="tests.test_dairynest.TestAuth" name="test_verify_demo_admin" time="0.250" /><testcase classname="tests.test_dairynest.TestAuth" name="test_invalid_otp_rejected" time="0.132" /><testcase classname="tests.test_dairynest.TestAuth" name="test_new_phone_returns_registered_false" time="0.352" /><testcase classname="tests.test_dairynest.TestAuth" name="test_me_endpoint" time="0.143" /><testcase classname="tests.test_dairynest.TestProducts" name="test_list_products" time="0.116" /><testcase classname="tests.test_dairynest.TestProducts" name="test_filter_by_type" time="0.110" /><testcase classname="tests.test_dairynest.TestProducts" name="test_categories" time="0.102" /><testcase classname="tests.test_dairynest.TestProducts" name="test_get_product_by_id" time="0.211" /><testcase classname="tests.test_dairynest.TestSubscriptionsAutopay" name="test_create_subscription" time="0.209" /><testcase classname="tests.test_dairynest.TestSubscriptionsAutopay" name="test_modify_pause_resume_skip" time="0.403" /><testcase classname="tests.test_dairynest.TestSubscriptionsAutopay" name="test_autopay_setup_get_pause_cancel" time="0.406" /><testcase classname="tests.test_dairynest.TestCartCheckout" name="test_cart_add_update_coupon_checkout" time="1.945" /><testcase classname="tests.test_dairynest.TestCartCheckout" name="test_confirm_payment_and_fetch" time="0.352" /><testcase classname="tests.test_dairynest.TestMiscCustomer" name="test_referrals_me" time="0.103" /><testcase classname="tests.test_dairynest.TestMiscCustomer" name="test_billing_monthly" time="0.098" /><testcase classname="tests.test_dairynest.TestMiscCustomer" name="test_tickets_create_list" time="0.205" /><testcase classname="tests.test_dairynest.TestMiscCustomer" name="test_ai_insights" time="5.912" /><testcase classname="tests.test_dairynest.TestAgent" name="test_summary" time="0.133" /><testcase classname="tests.test_dairynest.TestAgent" name="test_route_has_stops" time="0.100" /><testcase classname="tests.test_dairynest.TestAgent" name="test_attendance_checkin_checkout" time="0.329" /><testcase classname="tests.test_dairynest.TestAgent" name="test_mark_delivered" time="0.227" /><testcase classname="tests.test_dairynest.TestAgent" name="test_performance" time="0.101" /><testcase classname="tests.test_dairynest.TestAgent" name="test_role_isolation" time="0.105" /><testcase classname="tests.test_dairynest.TestAdmin" name="test_dashboard" time="0.107" /><testcase classname="tests.test_dairynest.TestAdmin" name="test_customers_suspend_activate" time="0.331" /><testcase classname="tests.test_dairynest.TestAdmin" name="test_orders_and_assign" time="0.348" /><testcase classname="tests.test_dairynest.TestAdmin" name="test_agents_products_inventory" time="0.641" /><testcase classname="tests.test_dairynest.TestAdmin" name="test_disable_product" time="0.204" /><testcase classname="tests.test_dairynest.TestAdmin" name="test_ai_predictions" time="4.453" /><testcase classname="tests.test_dairynest.TestAdmin" name="test_unauthorized_admin_access" time="0.136" /></testsuite></testsuites>